-------------------------------------------------------------------------------
Test set: com.example.demo.HttpResSimulatorApplicationTests
-------------------------------------------------------------------------------
Tests run: 1, Failures: 0, Errors: 1, Skipped: 0, Time elapsed: 0.226 s <<< FAILURE! - in com.example.demo.HttpResSimulatorApplicationTests
com.example.demo.HttpResSimulatorApplicationTests  Time elapsed: 0.225 s  <<< ERROR!
java.lang.IllegalStateException: Unable to find a @SpringBootConfiguration, you need to use @ContextConfiguration or @SpringBootTest(classes=...) with your test

